<?xml version="1.0" encoding="UTF-8"?>
<!-- Generated by org.testng.reporters.JUnitReportReporter -->
<testsuite skipped="0" hostname="D69RNF" name="CBTest" tests="1" failures="0" timestamp="2021-12-03T13:33:40 GMT+07:00" time="17.079" errors="0">
  <testcase name="testSB" time="17.079" classname="CBTest"/>
  <system-out/>
</testsuite> <!-- CBTest -->
